2020-02-05 12:27:41.749 [main] INFO  com.sgcc.eip.SystemManageApplication -Starting SystemManageApplication on LAPTOP-663LRO7O with PID 18684 (D:\gw_gateway_system-manage-master\target\classes started by 可乐 in D:\gw_gateway_system-manage-master)
2020-02-05 12:27:41.749 [main] DEBUG com.sgcc.eip.SystemManageApplication -Running with Spring Boot v2.1.3.RELEASE, Spring v5.1.5.RELEASE
2020-02-05 12:27:41.749 [main] INFO  com.sgcc.eip.SystemManageApplication -No active profile set, falling back to default profiles: default
2020-02-05 12:27:42.827 [main] INFO  o.s.context.support.PostProcessorRegistrationDelegate$BeanPostProcessorChecker -Bean 'org.springframework.transaction.annotation.ProxyTransactionManagementConfiguration' of type [org.springframework.transaction.annotation.ProxyTransactionManagementConfiguration$$EnhancerBySpringCGLIB$$314f9ff] is not eligible for getting processed by all BeanPostProcessors (for example: not eligible for auto-proxying)
2020-02-05 12:27:43.093 [main] INFO  org.springframework.boot.web.embedded.tomcat.TomcatWebServer -Tomcat initialized with port(s): 8091 (http)
2020-02-05 12:27:43.108 [main] INFO  org.apache.coyote.http11.Http11NioProtocol -Initializing ProtocolHandler ["http-nio-8091"]
2020-02-05 12:27:43.108 [main] INFO  org.apache.catalina.core.StandardService -Starting service [Tomcat]
2020-02-05 12:27:43.108 [main] INFO  org.apache.catalina.core.StandardEngine -Starting Servlet engine: [Apache Tomcat/9.0.16]
2020-02-05 12:27:43.124 [main] INFO  org.apache.catalina.core.AprLifecycleListener -The APR based Apache Tomcat Native library which allows optimal performance in production environments was not found on the java.library.path: [D:\jdk_8.0.1310.11_64\bin;C:\WINDOWS\Sun\Java\bin;C:\WINDOWS\system32;C:\WINDOWS;D:\jdk_8.0.1310.11_64\bin;C:\WINDOWS\system32;C:\WINDOWS;C:\WINDOWS\System32\Wbem;C:\Program Files (x86)\Common Files\Oracle\Java\javapath;C:\ProgramData\Oracle\Java\javapath;C:\Program Files (x86)\Intel\iCLS Client\;C:\Program Files\Intel\iCLS Client\;C:\Windows\system32;C:\Windows;C:\Windows\System32\Wbem;C:\Windows\System32\WindowsPowerShell\v1.0\;C:\Program Files (x86)\NVIDIA Corporation\PhysX\Common;C:\Program Files (x86)\Intel\Intel(R) Management Engine Components\DAL;C:\Program Files\Intel\Intel(R) Management Engine Components\DAL;C:\Program Files (x86)\Intel\Intel(R) Management Engine Components\IPT;C:\Program Files\Intel\Intel(R) Management Engine Components\IPT;C:\WINDOWS\System32\WindowsPowerShell\v1.0\;C:\WINDOWS\System32\OpenSSH\;C:\Program Files (x86)\MySQL\MySQL Server 5.5\bin;D:\Program Files\VisualSVN Server\bin;D:\Program Files (x86)\Subversion\bin;F:\apache-maven-3.6.0\bin;D:\MySQL\MySQL Server 5.6\bin;D:\SVN\bin;F:\TortoiseGit\bin;C:\Users\可乐\AppData\Local\Microsoft\WindowsApps;;.]
2020-02-05 12:27:43.265 [main] INFO  org.apache.catalina.core.ContainerBase.[Tomcat].[localhost].[/] -Initializing Spring embedded WebApplicationContext
2020-02-05 12:27:43.265 [main] INFO  org.springframework.web.context.ContextLoader -Root WebApplicationContext: initialization completed in 1484 ms
2020-02-05 12:27:43.483 [main] INFO  com.zaxxer.hikari.HikariDataSource -HikariPool-1 - Starting...
2020-02-05 12:27:43.921 [main] INFO  com.zaxxer.hikari.HikariDataSource -HikariPool-1 - Start completed.
2020-02-05 12:27:44.561 [main] INFO  org.springframework.scheduling.concurrent.ThreadPoolTaskExecutor -Initializing ExecutorService 'applicationTaskExecutor'
2020-02-05 12:27:44.717 [main] INFO  springfox.documentation.spring.web.plugins.DocumentationPluginsBootstrapper -Context refreshed
2020-02-05 12:27:44.733 [main] INFO  springfox.documentation.spring.web.plugins.DocumentationPluginsBootstrapper -Found 1 custom documentation plugin(s)
2020-02-05 12:27:44.749 [main] INFO  springfox.documentation.spring.web.scanners.ApiListingReferenceScanner -Scanning for api listing references
2020-02-05 12:27:44.827 [main] INFO  s.documentation.spring.web.readers.operation.CachingOperationNameGenerator -Generating unique operation named: testUsingGET_1
2020-02-05 12:27:44.842 [main] INFO  org.apache.coyote.http11.Http11NioProtocol -Starting ProtocolHandler ["http-nio-8091"]
2020-02-05 12:27:44.858 [main] INFO  org.springframework.boot.web.embedded.tomcat.TomcatWebServer -Tomcat started on port(s): 8091 (http) with context path ''
2020-02-05 12:27:44.858 [main] INFO  com.sgcc.eip.SystemManageApplication -Started SystemManageApplication in 3.39 seconds (JVM running for 5.662)
2020-02-05 14:55:58.631 [http-nio-8091-exec-1] INFO  org.apache.catalina.core.ContainerBase.[Tomcat].[localhost].[/] -Initializing Spring DispatcherServlet 'dispatcherServlet'
2020-02-05 14:55:58.631 [http-nio-8091-exec-1] INFO  org.springframework.web.servlet.DispatcherServlet -Initializing Servlet 'dispatcherServlet'
2020-02-05 14:55:58.662 [http-nio-8091-exec-1] INFO  org.springframework.web.servlet.DispatcherServlet -Completed initialization in 31 ms
2020-02-05 15:12:22.913 [main] INFO  com.sgcc.eip.SystemManageApplication -Starting SystemManageApplication on LAPTOP-663LRO7O with PID 14116 (D:\gw_gateway_system-manage-master\target\classes started by 可乐 in D:\gw_gateway_system-manage-master)
2020-02-05 15:12:22.913 [main] DEBUG com.sgcc.eip.SystemManageApplication -Running with Spring Boot v2.1.3.RELEASE, Spring v5.1.5.RELEASE
2020-02-05 15:12:22.913 [main] INFO  com.sgcc.eip.SystemManageApplication -No active profile set, falling back to default profiles: default
2020-02-05 15:12:24.678 [main] INFO  o.s.context.support.PostProcessorRegistrationDelegate$BeanPostProcessorChecker -Bean 'org.springframework.transaction.annotation.ProxyTransactionManagementConfiguration' of type [org.springframework.transaction.annotation.ProxyTransactionManagementConfiguration$$EnhancerBySpringCGLIB$$997d1c14] is not eligible for getting processed by all BeanPostProcessors (for example: not eligible for auto-proxying)
2020-02-05 15:12:25.053 [main] INFO  org.springframework.boot.web.embedded.tomcat.TomcatWebServer -Tomcat initialized with port(s): 8091 (http)
2020-02-05 15:12:25.084 [main] INFO  org.apache.coyote.http11.Http11NioProtocol -Initializing ProtocolHandler ["http-nio-8091"]
2020-02-05 15:12:25.084 [main] INFO  org.apache.catalina.core.StandardService -Starting service [Tomcat]
2020-02-05 15:12:25.084 [main] INFO  org.apache.catalina.core.StandardEngine -Starting Servlet engine: [Apache Tomcat/9.0.16]
2020-02-05 15:12:25.100 [main] INFO  org.apache.catalina.core.AprLifecycleListener -The APR based Apache Tomcat Native library which allows optimal performance in production environments was not found on the java.library.path: [D:\jdk_8.0.1310.11_64\bin;C:\WINDOWS\Sun\Java\bin;C:\WINDOWS\system32;C:\WINDOWS;D:\jdk_8.0.1310.11_64\bin;C:\WINDOWS\system32;C:\WINDOWS;C:\WINDOWS\System32\Wbem;C:\Program Files (x86)\Common Files\Oracle\Java\javapath;C:\ProgramData\Oracle\Java\javapath;C:\Program Files (x86)\Intel\iCLS Client\;C:\Program Files\Intel\iCLS Client\;C:\Windows\system32;C:\Windows;C:\Windows\System32\Wbem;C:\Windows\System32\WindowsPowerShell\v1.0\;C:\Program Files (x86)\NVIDIA Corporation\PhysX\Common;C:\Program Files (x86)\Intel\Intel(R) Management Engine Components\DAL;C:\Program Files\Intel\Intel(R) Management Engine Components\DAL;C:\Program Files (x86)\Intel\Intel(R) Management Engine Components\IPT;C:\Program Files\Intel\Intel(R) Management Engine Components\IPT;C:\WINDOWS\System32\WindowsPowerShell\v1.0\;C:\WINDOWS\System32\OpenSSH\;C:\Program Files (x86)\MySQL\MySQL Server 5.5\bin;D:\Program Files\VisualSVN Server\bin;D:\Program Files (x86)\Subversion\bin;F:\apache-maven-3.6.0\bin;D:\MySQL\MySQL Server 5.6\bin;D:\SVN\bin;F:\TortoiseGit\bin;C:\Users\可乐\AppData\Local\Microsoft\WindowsApps;;.]
2020-02-05 15:12:25.256 [main] INFO  org.apache.catalina.core.ContainerBase.[Tomcat].[localhost].[/] -Initializing Spring embedded WebApplicationContext
2020-02-05 15:12:25.256 [main] INFO  org.springframework.web.context.ContextLoader -Root WebApplicationContext: initialization completed in 2312 ms
2020-02-05 15:12:25.522 [main] INFO  com.zaxxer.hikari.HikariDataSource -HikariPool-1 - Starting...
2020-02-05 15:12:25.959 [main] INFO  com.zaxxer.hikari.HikariDataSource -HikariPool-1 - Start completed.
2020-02-05 15:12:26.771 [main] INFO  org.springframework.scheduling.concurrent.ThreadPoolTaskExecutor -Initializing ExecutorService 'applicationTaskExecutor'
2020-02-05 15:12:26.943 [main] INFO  springfox.documentation.spring.web.plugins.DocumentationPluginsBootstrapper -Context refreshed
2020-02-05 15:12:26.990 [main] INFO  springfox.documentation.spring.web.plugins.DocumentationPluginsBootstrapper -Found 1 custom documentation plugin(s)
2020-02-05 15:12:26.990 [main] INFO  springfox.documentation.spring.web.scanners.ApiListingReferenceScanner -Scanning for api listing references
2020-02-05 15:12:27.099 [main] INFO  s.documentation.spring.web.readers.operation.CachingOperationNameGenerator -Generating unique operation named: testUsingGET_1
2020-02-05 15:12:27.115 [main] INFO  org.apache.coyote.http11.Http11NioProtocol -Starting ProtocolHandler ["http-nio-8091"]
2020-02-05 15:12:27.131 [main] INFO  org.springframework.boot.web.embedded.tomcat.TomcatWebServer -Tomcat started on port(s): 8091 (http) with context path ''
2020-02-05 15:12:27.131 [main] INFO  com.sgcc.eip.SystemManageApplication -Started SystemManageApplication in 4.64 seconds (JVM running for 7.106)
2020-02-05 16:01:39.543 [main] INFO  com.sgcc.eip.SystemManageApplication -Starting SystemManageApplication on LAPTOP-663LRO7O with PID 18796 (D:\gw_gateway_system-manage-master\target\classes started by 可乐 in D:\gw_gateway_system-manage-master)
2020-02-05 16:01:39.543 [main] DEBUG com.sgcc.eip.SystemManageApplication -Running with Spring Boot v2.1.3.RELEASE, Spring v5.1.5.RELEASE
2020-02-05 16:01:39.543 [main] INFO  com.sgcc.eip.SystemManageApplication -No active profile set, falling back to default profiles: default
2020-02-05 16:01:41.152 [main] INFO  o.s.context.support.PostProcessorRegistrationDelegate$BeanPostProcessorChecker -Bean 'org.springframework.transaction.annotation.ProxyTransactionManagementConfiguration' of type [org.springframework.transaction.annotation.ProxyTransactionManagementConfiguration$$EnhancerBySpringCGLIB$$daf41f4c] is not eligible for getting processed by all BeanPostProcessors (for example: not eligible for auto-proxying)
2020-02-05 16:01:41.542 [main] INFO  org.springframework.boot.web.embedded.tomcat.TomcatWebServer -Tomcat initialized with port(s): 8091 (http)
2020-02-05 16:01:41.558 [main] INFO  org.apache.coyote.http11.Http11NioProtocol -Initializing ProtocolHandler ["http-nio-8091"]
2020-02-05 16:01:41.573 [main] INFO  org.apache.catalina.core.StandardService -Starting service [Tomcat]
2020-02-05 16:01:41.573 [main] INFO  org.apache.catalina.core.StandardEngine -Starting Servlet engine: [Apache Tomcat/9.0.16]
2020-02-05 16:01:41.573 [main] INFO  org.apache.catalina.core.AprLifecycleListener -The APR based Apache Tomcat Native library which allows optimal performance in production environments was not found on the java.library.path: [D:\jdk_8.0.1310.11_64\bin;C:\WINDOWS\Sun\Java\bin;C:\WINDOWS\system32;C:\WINDOWS;D:\jdk_8.0.1310.11_64\bin;C:\WINDOWS\system32;C:\WINDOWS;C:\WINDOWS\System32\Wbem;C:\Program Files (x86)\Common Files\Oracle\Java\javapath;C:\ProgramData\Oracle\Java\javapath;C:\Program Files (x86)\Intel\iCLS Client\;C:\Program Files\Intel\iCLS Client\;C:\Windows\system32;C:\Windows;C:\Windows\System32\Wbem;C:\Windows\System32\WindowsPowerShell\v1.0\;C:\Program Files (x86)\NVIDIA Corporation\PhysX\Common;C:\Program Files (x86)\Intel\Intel(R) Management Engine Components\DAL;C:\Program Files\Intel\Intel(R) Management Engine Components\DAL;C:\Program Files (x86)\Intel\Intel(R) Management Engine Components\IPT;C:\Program Files\Intel\Intel(R) Management Engine Components\IPT;C:\WINDOWS\System32\WindowsPowerShell\v1.0\;C:\WINDOWS\System32\OpenSSH\;C:\Program Files (x86)\MySQL\MySQL Server 5.5\bin;D:\Program Files\VisualSVN Server\bin;D:\Program Files (x86)\Subversion\bin;F:\apache-maven-3.6.0\bin;D:\MySQL\MySQL Server 5.6\bin;D:\SVN\bin;F:\TortoiseGit\bin;C:\Users\可乐\AppData\Local\Microsoft\WindowsApps;;.]
2020-02-05 16:01:41.745 [main] INFO  org.apache.catalina.core.ContainerBase.[Tomcat].[localhost].[/] -Initializing Spring embedded WebApplicationContext
2020-02-05 16:01:41.745 [main] INFO  org.springframework.web.context.ContextLoader -Root WebApplicationContext: initialization completed in 2140 ms
2020-02-05 16:01:41.995 [main] INFO  com.zaxxer.hikari.HikariDataSource -HikariPool-1 - Starting...
2020-02-05 16:01:42.401 [main] INFO  com.zaxxer.hikari.HikariDataSource -HikariPool-1 - Start completed.
2020-02-05 16:01:43.276 [main] INFO  org.springframework.scheduling.concurrent.ThreadPoolTaskExecutor -Initializing ExecutorService 'applicationTaskExecutor'
2020-02-05 16:01:43.448 [main] INFO  springfox.documentation.spring.web.plugins.DocumentationPluginsBootstrapper -Context refreshed
2020-02-05 16:01:43.464 [main] INFO  springfox.documentation.spring.web.plugins.DocumentationPluginsBootstrapper -Found 1 custom documentation plugin(s)
2020-02-05 16:01:43.479 [main] INFO  springfox.documentation.spring.web.scanners.ApiListingReferenceScanner -Scanning for api listing references
2020-02-05 16:01:43.839 [main] INFO  s.documentation.spring.web.readers.operation.CachingOperationNameGenerator -Generating unique operation named: testUsingGET_1
2020-02-05 16:01:43.854 [main] INFO  org.apache.coyote.http11.Http11NioProtocol -Starting ProtocolHandler ["http-nio-8091"]
2020-02-05 16:01:43.870 [main] INFO  org.springframework.boot.web.embedded.tomcat.TomcatWebServer -Tomcat started on port(s): 8091 (http) with context path ''
2020-02-05 16:01:43.870 [main] INFO  com.sgcc.eip.SystemManageApplication -Started SystemManageApplication in 5.025 seconds (JVM running for 7.984)
2020-02-05 16:01:49.776 [http-nio-8091-exec-1] INFO  org.apache.catalina.core.ContainerBase.[Tomcat].[localhost].[/] -Initializing Spring DispatcherServlet 'dispatcherServlet'
2020-02-05 16:01:49.776 [http-nio-8091-exec-1] INFO  org.springframework.web.servlet.DispatcherServlet -Initializing Servlet 'dispatcherServlet'
2020-02-05 16:01:49.794 [http-nio-8091-exec-1] INFO  org.springframework.web.servlet.DispatcherServlet -Completed initialization in 18 ms
2020-02-05 16:03:47.278 [main] INFO  com.sgcc.eip.SystemManageApplication -Starting SystemManageApplication on LAPTOP-663LRO7O with PID 17184 (D:\gw_gateway_system-manage-master\target\classes started by 可乐 in D:\gw_gateway_system-manage-master)
2020-02-05 16:03:47.278 [main] DEBUG com.sgcc.eip.SystemManageApplication -Running with Spring Boot v2.1.3.RELEASE, Spring v5.1.5.RELEASE
2020-02-05 16:03:47.278 [main] INFO  com.sgcc.eip.SystemManageApplication -No active profile set, falling back to default profiles: default
2020-02-05 16:03:48.604 [main] INFO  o.s.context.support.PostProcessorRegistrationDelegate$BeanPostProcessorChecker -Bean 'org.springframework.transaction.annotation.ProxyTransactionManagementConfiguration' of type [org.springframework.transaction.annotation.ProxyTransactionManagementConfiguration$$EnhancerBySpringCGLIB$$8bbb3678] is not eligible for getting processed by all BeanPostProcessors (for example: not eligible for auto-proxying)
2020-02-05 16:03:48.885 [main] INFO  org.springframework.boot.web.embedded.tomcat.TomcatWebServer -Tomcat initialized with port(s): 8091 (http)
2020-02-05 16:03:48.901 [main] INFO  org.apache.coyote.http11.Http11NioProtocol -Initializing ProtocolHandler ["http-nio-8091"]
2020-02-05 16:03:48.917 [main] INFO  org.apache.catalina.core.StandardService -Starting service [Tomcat]
2020-02-05 16:03:48.917 [main] INFO  org.apache.catalina.core.StandardEngine -Starting Servlet engine: [Apache Tomcat/9.0.16]
2020-02-05 16:03:48.917 [main] INFO  org.apache.catalina.core.AprLifecycleListener -The APR based Apache Tomcat Native library which allows optimal performance in production environments was not found on the java.library.path: [D:\jdk_8.0.1310.11_64\bin;C:\WINDOWS\Sun\Java\bin;C:\WINDOWS\system32;C:\WINDOWS;D:\jdk_8.0.1310.11_64\bin;C:\WINDOWS\system32;C:\WINDOWS;C:\WINDOWS\System32\Wbem;C:\Program Files (x86)\Common Files\Oracle\Java\javapath;C:\ProgramData\Oracle\Java\javapath;C:\Program Files (x86)\Intel\iCLS Client\;C:\Program Files\Intel\iCLS Client\;C:\Windows\system32;C:\Windows;C:\Windows\System32\Wbem;C:\Windows\System32\WindowsPowerShell\v1.0\;C:\Program Files (x86)\NVIDIA Corporation\PhysX\Common;C:\Program Files (x86)\Intel\Intel(R) Management Engine Components\DAL;C:\Program Files\Intel\Intel(R) Management Engine Components\DAL;C:\Program Files (x86)\Intel\Intel(R) Management Engine Components\IPT;C:\Program Files\Intel\Intel(R) Management Engine Components\IPT;C:\WINDOWS\System32\WindowsPowerShell\v1.0\;C:\WINDOWS\System32\OpenSSH\;C:\Program Files (x86)\MySQL\MySQL Server 5.5\bin;D:\Program Files\VisualSVN Server\bin;D:\Program Files (x86)\Subversion\bin;F:\apache-maven-3.6.0\bin;D:\MySQL\MySQL Server 5.6\bin;D:\SVN\bin;F:\TortoiseGit\bin;C:\Users\可乐\AppData\Local\Microsoft\WindowsApps;;.]
2020-02-05 16:03:49.073 [main] INFO  org.apache.catalina.core.ContainerBase.[Tomcat].[localhost].[/] -Initializing Spring embedded WebApplicationContext
2020-02-05 16:03:49.073 [main] INFO  org.springframework.web.context.ContextLoader -Root WebApplicationContext: initialization completed in 1686 ms
2020-02-05 16:03:49.260 [main] INFO  com.zaxxer.hikari.HikariDataSource -HikariPool-1 - Starting...
2020-02-05 16:03:49.651 [main] INFO  com.zaxxer.hikari.HikariDataSource -HikariPool-1 - Start completed.
2020-02-05 16:03:50.276 [main] INFO  org.springframework.scheduling.concurrent.ThreadPoolTaskExecutor -Initializing ExecutorService 'applicationTaskExecutor'
2020-02-05 16:03:50.432 [main] INFO  springfox.documentation.spring.web.plugins.DocumentationPluginsBootstrapper -Context refreshed
2020-02-05 16:03:50.432 [main] INFO  springfox.documentation.spring.web.plugins.DocumentationPluginsBootstrapper -Found 1 custom documentation plugin(s)
2020-02-05 16:03:50.448 [main] INFO  springfox.documentation.spring.web.scanners.ApiListingReferenceScanner -Scanning for api listing references
2020-02-05 16:03:50.541 [main] INFO  s.documentation.spring.web.readers.operation.CachingOperationNameGenerator -Generating unique operation named: testUsingGET_1
2020-02-05 16:03:50.573 [main] INFO  org.apache.coyote.http11.Http11NioProtocol -Starting ProtocolHandler ["http-nio-8091"]
2020-02-05 16:03:50.588 [main] INFO  org.springframework.boot.web.embedded.tomcat.TomcatWebServer -Tomcat started on port(s): 8091 (http) with context path ''
2020-02-05 16:03:50.588 [main] INFO  com.sgcc.eip.SystemManageApplication -Started SystemManageApplication in 3.654 seconds (JVM running for 5.937)
2020-02-05 16:03:52.058 [http-nio-8091-exec-2] INFO  org.apache.catalina.core.ContainerBase.[Tomcat].[localhost].[/] -Initializing Spring DispatcherServlet 'dispatcherServlet'
2020-02-05 16:03:52.058 [http-nio-8091-exec-2] INFO  org.springframework.web.servlet.DispatcherServlet -Initializing Servlet 'dispatcherServlet'
2020-02-05 16:03:52.077 [http-nio-8091-exec-2] INFO  org.springframework.web.servlet.DispatcherServlet -Completed initialization in 19 ms
2020-02-05 16:06:27.104 [main] INFO  com.sgcc.eip.SystemManageApplication -Starting SystemManageApplication on LAPTOP-663LRO7O with PID 19224 (D:\gw_gateway_system-manage-master\target\classes started by 可乐 in D:\gw_gateway_system-manage-master)
2020-02-05 16:06:27.119 [main] DEBUG com.sgcc.eip.SystemManageApplication -Running with Spring Boot v2.1.3.RELEASE, Spring v5.1.5.RELEASE
2020-02-05 16:06:27.119 [main] INFO  com.sgcc.eip.SystemManageApplication -No active profile set, falling back to default profiles: default
2020-02-05 16:06:28.354 [main] INFO  o.s.context.support.PostProcessorRegistrationDelegate$BeanPostProcessorChecker -Bean 'org.springframework.transaction.annotation.ProxyTransactionManagementConfiguration' of type [org.springframework.transaction.annotation.ProxyTransactionManagementConfiguration$$EnhancerBySpringCGLIB$$8403d7cf] is not eligible for getting processed by all BeanPostProcessors (for example: not eligible for auto-proxying)
2020-02-05 16:06:28.604 [main] INFO  org.springframework.boot.web.embedded.tomcat.TomcatWebServer -Tomcat initialized with port(s): 8091 (http)
2020-02-05 16:06:28.619 [main] INFO  org.apache.coyote.http11.Http11NioProtocol -Initializing ProtocolHandler ["http-nio-8091"]
2020-02-05 16:06:28.635 [main] INFO  org.apache.catalina.core.StandardService -Starting service [Tomcat]
2020-02-05 16:06:28.635 [main] INFO  org.apache.catalina.core.StandardEngine -Starting Servlet engine: [Apache Tomcat/9.0.16]
2020-02-05 16:06:28.635 [main] INFO  org.apache.catalina.core.AprLifecycleListener -The APR based Apache Tomcat Native library which allows optimal performance in production environments was not found on the java.library.path: [D:\jdk_8.0.1310.11_64\bin;C:\WINDOWS\Sun\Java\bin;C:\WINDOWS\system32;C:\WINDOWS;D:\jdk_8.0.1310.11_64\bin;C:\WINDOWS\system32;C:\WINDOWS;C:\WINDOWS\System32\Wbem;C:\Program Files (x86)\Common Files\Oracle\Java\javapath;C:\ProgramData\Oracle\Java\javapath;C:\Program Files (x86)\Intel\iCLS Client\;C:\Program Files\Intel\iCLS Client\;C:\Windows\system32;C:\Windows;C:\Windows\System32\Wbem;C:\Windows\System32\WindowsPowerShell\v1.0\;C:\Program Files (x86)\NVIDIA Corporation\PhysX\Common;C:\Program Files (x86)\Intel\Intel(R) Management Engine Components\DAL;C:\Program Files\Intel\Intel(R) Management Engine Components\DAL;C:\Program Files (x86)\Intel\Intel(R) Management Engine Components\IPT;C:\Program Files\Intel\Intel(R) Management Engine Components\IPT;C:\WINDOWS\System32\WindowsPowerShell\v1.0\;C:\WINDOWS\System32\OpenSSH\;C:\Program Files (x86)\MySQL\MySQL Server 5.5\bin;D:\Program Files\VisualSVN Server\bin;D:\Program Files (x86)\Subversion\bin;F:\apache-maven-3.6.0\bin;D:\MySQL\MySQL Server 5.6\bin;D:\SVN\bin;F:\TortoiseGit\bin;C:\Users\可乐\AppData\Local\Microsoft\WindowsApps;;.]
2020-02-05 16:06:28.775 [main] INFO  org.apache.catalina.core.ContainerBase.[Tomcat].[localhost].[/] -Initializing Spring embedded WebApplicationContext
2020-02-05 16:06:28.775 [main] INFO  org.springframework.web.context.ContextLoader -Root WebApplicationContext: initialization completed in 1609 ms
2020-02-05 16:06:28.932 [main] INFO  com.zaxxer.hikari.HikariDataSource -HikariPool-1 - Starting...
2020-02-05 16:06:29.322 [main] INFO  com.zaxxer.hikari.HikariDataSource -HikariPool-1 - Start completed.
2020-02-05 16:06:29.916 [main] INFO  org.springframework.scheduling.concurrent.ThreadPoolTaskExecutor -Initializing ExecutorService 'applicationTaskExecutor'
2020-02-05 16:06:30.072 [main] INFO  springfox.documentation.spring.web.plugins.DocumentationPluginsBootstrapper -Context refreshed
2020-02-05 16:06:30.088 [main] INFO  springfox.documentation.spring.web.plugins.DocumentationPluginsBootstrapper -Found 1 custom documentation plugin(s)
2020-02-05 16:06:30.088 [main] INFO  springfox.documentation.spring.web.scanners.ApiListingReferenceScanner -Scanning for api listing references
2020-02-05 16:06:30.181 [main] INFO  s.documentation.spring.web.readers.operation.CachingOperationNameGenerator -Generating unique operation named: testUsingGET_1
2020-02-05 16:06:30.181 [main] INFO  org.apache.coyote.http11.Http11NioProtocol -Starting ProtocolHandler ["http-nio-8091"]
2020-02-05 16:06:30.212 [main] INFO  org.springframework.boot.web.embedded.tomcat.TomcatWebServer -Tomcat started on port(s): 8091 (http) with context path ''
2020-02-05 16:06:30.212 [main] INFO  com.sgcc.eip.SystemManageApplication -Started SystemManageApplication in 3.452 seconds (JVM running for 5.765)
2020-02-05 16:06:30.972 [http-nio-8091-exec-2] INFO  org.apache.catalina.core.ContainerBase.[Tomcat].[localhost].[/] -Initializing Spring DispatcherServlet 'dispatcherServlet'
2020-02-05 16:06:30.972 [http-nio-8091-exec-2] INFO  org.springframework.web.servlet.DispatcherServlet -Initializing Servlet 'dispatcherServlet'
2020-02-05 16:06:30.989 [http-nio-8091-exec-2] INFO  org.springframework.web.servlet.DispatcherServlet -Completed initialization in 17 ms
